[35m[HTTP][39m [37m-->[39m [37mPOST[39m [37m/session[39m
[35m[HTTP][39m [90m{"capabilities":{"alwaysMatch":{"platformName":"Android","appium:platformVersion":"10.0","appium:deviceName":"Device 2","appium:automationName":"UIAutomator2","appium:app":"C:\\Shubham\\VS-Code\\WebDriver IO\\Mobile Automation\\JS\\first-appium-test-using-wdio\\app\\android\\ApiDemos-debug.apk","appium:appPackage":"io.appium.android.apis","appium:appActivity":"io.appium.android.apis.ApiDemos"},"firstMatch":[{}]},"desiredCapabilities":{"platformName":"Android","appium:platformVersion":"10.0","appium:deviceName":"Device 2","appium:automationName":"UIAutomator2","appium:app":"C:\\Shubham\\VS-Code\\WebDriver IO\\Mobile Automation\\JS\\first-appium-test-using-wdio\\app\\android\\ApiDemos-debug.apk","appium:appPackage":"io.appium.android.apis","appium:appActivity":"io.appium.android.apis.ApiDemos"}}[39m
[debug] [35m[W3C][39m Calling AppiumDriver.createSession() with args: [{"platformName":"Android","appium:platformVersion":"10.0","appium:deviceName":"Device 2","appium:automationName":"UIAutomator2","appium:app":"C:\\Shubham\\VS-Code\\WebDriver IO\\Mobile Automation\\JS\\first-appium-test-using-wdio\\app\\android\\ApiDemos-debug.apk","appium:appPackage":"io.appium.android.apis","appium:appActivity":"io.appium.android.apis.ApiDemos"},null,{"alwaysMatch":{"platformName":"Android","appium:platformVersion":"10.0","appium:deviceName":"Device 2","appium:automationName":"UIAutomator2","appium:app":"C:\\Shubham\\VS-Code\\WebDriver IO\\Mobile Automation\\JS\\first-appium-test-using-wdio\\app\\android\\ApiDemos-debug.apk","appium:appPackage":"io.appium.android.apis","appium:appActivity":"io.appium.android.apis.ApiDemos"},"firstMatch":[{}]}]
[debug] [35m[BaseDriver][39m Event 'newSessionRequested' logged at 1669721329626 (16:58:49 GMT+0530 (India Standard Time))
[35m[Appium][39m Appium v1.22.3 creating new AndroidUiautomator2Driver (v1.70.1) session
[debug] [35m[BaseDriver][39m W3C capabilities and MJSONWP desired capabilities were provided
[debug] [35m[BaseDriver][39m Creating session with W3C capabilities: {
[debug] [35m[BaseDriver][39m   "alwaysMatch": {
[debug] [35m[BaseDriver][39m     "platformName": "Android",
[debug] [35m[BaseDriver][39m     "appium:platformVersion": "10.0",
[debug] [35m[BaseDriver][39m     "appium:deviceName": "Device 2",
[debug] [35m[BaseDriver][39m     "appium:automationName": "UIAutomator2",
[debug] [35m[BaseDriver][39m     "appium:app": "C:\\Shubham\\VS-Code\\WebDriver IO\\Mobile Automation\\JS\\first-appium-test-using-wdio\\app\\android\\ApiDemos-debug.apk",
[debug] [35m[BaseDriver][39m     "appium:appPackage": "io.appium.android.apis",
[debug] [35m[BaseDriver][39m     "appium:appActivity": "io.appium.android.apis.ApiDemos"
[debug] [35m[BaseDriver][39m   },
[debug] [35m[BaseDriver][39m   "firstMatch": [
[debug] [35m[BaseDriver][39m     {}
[debug] [35m[BaseDriver][39m   ]
[debug] [35m[BaseDriver][39m }
[35m[BaseDriver][39m Session created with session id: ec082c94-b8db-45fc-aff5-b94a9b7234db
[35m[BaseDriver][39m Using local app 'C:\Shubham\VS-Code\WebDriver IO\Mobile Automation\JS\first-appium-test-using-wdio\app\android\ApiDemos-debug.apk'
[debug] [35m[UiAutomator2][39m Checking whether app is actually present
[35m[ADB][39m Found 5 'build-tools' folders under 'C:\Users\shubham.kumar\AppData\Local\Android\Sdk' (newest first):
[35m[ADB][39m     C:/Users/shubham.kumar/AppData/Local/Android/Sdk/build-tools/33.0.0
[35m[ADB][39m     C:/Users/shubham.kumar/AppData/Local/Android/Sdk/build-tools/30.0.3
[35m[ADB][39m     C:/Users/shubham.kumar/AppData/Local/Android/Sdk/build-tools/30.0.2
[35m[ADB][39m     C:/Users/shubham.kumar/AppData/Local/Android/Sdk/build-tools/28.0.3
[35m[ADB][39m     C:/Users/shubham.kumar/AppData/Local/Android/Sdk/build-tools/27.0.3
[35m[ADB][39m Using 'adb.exe' from 'C:\Users\shubham.kumar\AppData\Local\Android\Sdk\platform-tools\adb.exe'
[debug] [35m[ADB][39m Running 'C:\Users\shubham.kumar\AppData\Local\Android\Sdk\platform-tools\adb.exe -P 5037 start-server'
[35m[AndroidDriver][39m Retrieving device list
[debug] [35m[ADB][39m Trying to find a connected android device
[debug] [35m[ADB][39m Getting connected devices
[debug] [35m[ADB][39m Connected devices: [{"udid":"emulator-5554","state":"device"}]
[35m[AndroidDriver][39m Looking for a device with Android '10.0.0'
[debug] [35m[ADB][39m Setting device id to emulator-5554
[35m[ADB][39m Getting device platform version
[debug] [35m[ADB][39m Running 'C:\Users\shubham.kumar\AppData\Local\Android\Sdk\platform-tools\adb.exe -P 5037 -s emulator-5554 shell getprop ro.build.version.release'
[debug] [35m[ADB][39m Current device property 'ro.build.version.release': 10
[35m[AndroidDriver][39m Using device: emulator-5554
[35m[ADB][39m Using 'adb.exe' from 'C:\Users\shubham.kumar\AppData\Local\Android\Sdk\platform-tools\adb.exe'
[debug] [35m[ADB][39m Running 'C:\Users\shubham.kumar\AppData\Local\Android\Sdk\platform-tools\adb.exe -P 5037 start-server'
[debug] [35m[ADB][39m Setting device id to emulator-5554
[debug] [35m[ADB][39m Running 'C:\Users\shubham.kumar\AppData\Local\Android\Sdk\platform-tools\adb.exe -P 5037 -s emulator-5554 shell getprop ro.build.version.sdk'
[debug] [35m[ADB][39m Current device property 'ro.build.version.sdk': 29
[35m[ADB][39m Getting device platform version
[debug] [35m[ADB][39m Running 'C:\Users\shubham.kumar\AppData\Local\Android\Sdk\platform-tools\adb.exe -P 5037 -s emulator-5554 shell getprop ro.build.version.release'
[debug] [35m[ADB][39m Current device property 'ro.build.version.release': 10
[debug] [35m[ADB][39m Device API level: 29
[35m[UiAutomator2][39m Relaxing hidden api policy
[debug] [35m[ADB][39m Running 'C:\Users\shubham.kumar\AppData\Local\Android\Sdk\platform-tools\adb.exe -P 5037 -s emulator-5554 shell 'settings put global hidden_api_policy_pre_p_apps 1;settings put global hidden_api_policy_p_apps 1;settings put global hidden_api_policy 1''
[debug] [35m[ADB][39m Running 'C:\Users\shubham.kumar\AppData\Local\Android\Sdk\platform-tools\adb.exe -P 5037 -s emulator-5554 wait-for-device'
[debug] [35m[ADB][39m Running 'C:\Users\shubham.kumar\AppData\Local\Android\Sdk\platform-tools\adb.exe -P 5037 -s emulator-5554 shell echo ping'
[debug] [35m[AndroidDriver][39m Pushing settings apk to device...
[debug] [35m[ADB][39m Getting install status for io.appium.settings
[debug] [35m[ADB][39m Running 'C:\Users\shubham.kumar\AppData\Local\Android\Sdk\platform-tools\adb.exe -P 5037 -s emulator-5554 shell dumpsys package io.appium.settings'
[debug] [35m[ADB][39m 'io.appium.settings' is installed
[debug] [35m[ADB][39m Getting package info for 'io.appium.settings'
[debug] [35m[ADB][39m Running 'C:\Users\shubham.kumar\AppData\Local\Android\Sdk\platform-tools\adb.exe -P 5037 -s emulator-5554 shell dumpsys package io.appium.settings'
[debug] [35m[ADB][39m The version code of the installed 'io.appium.settings' is greater than the application version code (50 > 30)
[debug] [35m[ADB][39m There is no need to downgrade 'io.appium.settings'
[debug] [35m[ADB][39m Getting IDs of all 'io.appium.settings' processes
[debug] [35m[ADB][39m Running 'C:\Users\shubham.kumar\AppData\Local\Android\Sdk\platform-tools\adb.exe -P 5037 -s emulator-5554 shell 'pgrep --help; echo $?''
[debug] [35m[ADB][39m Running 'C:\Users\shubham.kumar\AppData\Local\Android\Sdk\platform-tools\adb.exe -P 5037 -s emulator-5554 shell pgrep -f \(\[\[:blank:\]\]\|\^\)io\.appium\.settings\(\[\[:blank:\]\]\|\$\)'
[debug] [35m[AndroidDriver][39m io.appium.settings is already running. There is no need to reset its permissions.
[debug] [35m[Logcat][39m Starting logs capture with command: C:\\Users\\shubham.kumar\\AppData\\Local\\Android\\Sdk\\platform-tools\\adb.exe -P 5037 -s emulator-5554 logcat -v threadtime
[debug] [35m[UiAutomator2][39m Forwarding UiAutomator2 Server port 6790 to local port 8200
[debug] [35m[ADB][39m Forwarding system: 8200 to device: 6790
[debug] [35m[ADB][39m Running 'C:\Users\shubham.kumar\AppData\Local\Android\Sdk\platform-tools\adb.exe -P 5037 -s emulator-5554 forward tcp:8200 tcp:6790'
[debug] [35m[ADB][39m Getting install status for io.appium.uiautomator2.server
[debug] [35m[ADB][39m Running 'C:\Users\shubham.kumar\AppData\Local\Android\Sdk\platform-tools\adb.exe -P 5037 -s emulator-5554 shell dumpsys package io.appium.uiautomator2.server'
[debug] [35m[ADB][39m 'io.appium.uiautomator2.server' is installed
[debug] [35m[ADB][39m Getting package info for 'io.appium.uiautomator2.server'
[debug] [35m[ADB][39m Running 'C:\Users\shubham.kumar\AppData\Local\Android\Sdk\platform-tools\adb.exe -P 5037 -s emulator-5554 shell dumpsys package io.appium.uiautomator2.server'
[debug] [35m[ADB][39m The version name of the installed 'io.appium.uiautomator2.server' is greater or equal to the application version name ('4.27.0' >= '4.27.0')
[debug] [35m[UiAutomator2][39m io.appium.uiautomator2.server installation state: sameVersionInstalled
[debug] [35m[ADB][39m Checking app cert for C:\Shubham\VS-Code\WebDriver IO\Mobile Automation\JS\first-appium-test-using-wdio\node_modules\appium\node_modules\appium-uiautomator2-server\apks\appium-uiautomator2-server-v4.27.0.apk
[35m[ADB][39m Using 'apksigner.jar' from 'C:\Users\shubham.kumar\AppData\Local\Android\Sdk\build-tools\33.0.0\lib\apksigner.jar'
[debug] [35m[ADB][39m Starting apksigner: 'C:\\Program Files\\Java\\jdk-18.0.2.1\\bin\\java.exe' -Xmx1024M -Xss1m -jar C:\\Users\\shubham.kumar\\AppData\\Local\\Android\\Sdk\\build-tools\\33.0.0\\lib\\apksigner.jar verify --print-certs 'C:\\Shubham\\VS-Code\\WebDriver IO\\Mobile Automation\\JS\\first-appium-test-using-wdio\\node_modules\\appium\\node_modules\\appium-uiautomator2-server\\apks\\appium-uiautomator2-server-v4.27.0.apk'
[debug] [35m[ADB][39m apksigner stdout: Signer #1 certificate DN: EMAILADDRESS=android@android.com, CN=Android, OU=Android, O=Android, L=Mountain View, ST=California, C=US
[debug] [35m[ADB][39m Signer #1 certificate SHA-256 digest: a40da80a59d170caa950cf15c18c454d47a39b26989d8b640ecd745ba71bf5dc
[debug] [35m[ADB][39m Signer #1 certificate SHA-1 digest: 61ed377e85d386a8dfee6b864bd85b0bfaa5af81
[debug] [35m[ADB][39m Signer #1 certificate MD5 digest: e89b158e4bcf988ebd09eb83f5378e87
[debug] [35m[ADB][39m 
[debug] [35m[ADB][39m sha256 hash did match for 'appium-uiautomator2-server-v4.27.0.apk'
[35m[ADB][39m 'C:\Shubham\VS-Code\WebDriver IO\Mobile Automation\JS\first-appium-test-using-wdio\node_modules\appium\node_modules\appium-uiautomator2-server\apks\appium-uiautomator2-server-v4.27.0.apk' is signed with the default certificate
[debug] [35m[ADB][39m Getting install status for io.appium.uiautomator2.server.test
[debug] [35m[ADB][39m Running 'C:\Users\shubham.kumar\AppData\Local\Android\Sdk\platform-tools\adb.exe -P 5037 -s emulator-5554 shell dumpsys package io.appium.uiautomator2.server.test'
[debug] [35m[ADB][39m 'io.appium.uiautomator2.server.test' is installed
[debug] [35m[ADB][39m Checking app cert for C:\Shubham\VS-Code\WebDriver IO\Mobile Automation\JS\first-appium-test-using-wdio\node_modules\appium\node_modules\appium-uiautomator2-server\apks\appium-uiautomator2-server-debug-androidTest.apk
[debug] [35m[ADB][39m Starting apksigner: 'C:\\Program Files\\Java\\jdk-18.0.2.1\\bin\\java.exe' -Xmx1024M -Xss1m -jar C:\\Users\\shubham.kumar\\AppData\\Local\\Android\\Sdk\\build-tools\\33.0.0\\lib\\apksigner.jar verify --print-certs 'C:\\Shubham\\VS-Code\\WebDriver IO\\Mobile Automation\\JS\\first-appium-test-using-wdio\\node_modules\\appium\\node_modules\\appium-uiautomator2-server\\apks\\appium-uiautomator2-server-debug-androidTest.apk'
[debug] [35m[ADB][39m apksigner stdout: Signer #1 certificate DN: EMAILADDRESS=android@android.com, CN=Android, OU=Android, O=Android, L=Mountain View, ST=California, C=US
[debug] [35m[ADB][39m Signer #1 certificate SHA-256 digest: a40da80a59d170caa950cf15c18c454d47a39b26989d8b640ecd745ba71bf5dc
[debug] [35m[ADB][39m Signer #1 certificate SHA-1 digest: 61ed377e85d386a8dfee6b864bd85b0bfaa5af81
[debug] [35m[ADB][39m Signer #1 certificate MD5 digest: e89b158e4bcf988ebd09eb83f5378e87
[debug] [35m[ADB][39m 
[debug] [35m[ADB][39m sha256 hash did match for 'appium-uiautomator2-server-debug-androidTest.apk'
[35m[ADB][39m 'C:\Shubham\VS-Code\WebDriver IO\Mobile Automation\JS\first-appium-test-using-wdio\node_modules\appium\node_modules\appium-uiautomator2-server\apks\appium-uiautomator2-server-debug-androidTest.apk' is signed with the default certificate
[35m[UiAutomator2][39m Server packages are not going to be (re)installed
[debug] [35m[UiAutomator2][39m Waiting up to 30000ms for services to be available
[debug] [35m[ADB][39m Running 'C:\Users\shubham.kumar\AppData\Local\Android\Sdk\platform-tools\adb.exe -P 5037 -s emulator-5554 shell pm list instrumentation'
[debug] [35m[UiAutomator2][39m Instrumentation target 'io.appium.uiautomator2.server.test/androidx.test.runner.AndroidJUnitRunner' is available
[35m[ADB][39m Adding packages ["io.appium.settings","io.appium.uiautomator2.server","io.appium.uiautomator2.server.test"] to Doze whitelist
[debug] [35m[ADB][39m Got the following command chunks to execute: [["dumpsys","deviceidle","whitelist","+io.appium.settings",";","dumpsys","deviceidle","whitelist","+io.appium.uiautomator2.server",";","dumpsys","deviceidle","whitelist","+io.appium.uiautomator2.server.test",";"]]
[debug] [35m[ADB][39m Running 'C:\Users\shubham.kumar\AppData\Local\Android\Sdk\platform-tools\adb.exe -P 5037 -s emulator-5554 shell dumpsys deviceidle whitelist +io.appium.settings ; dumpsys deviceidle whitelist +io.appium.uiautomator2.server ; dumpsys deviceidle whitelist +io.appium.uiautomator2.server.test ;'
[debug] [35m[ADB][39m Checking app cert for C:\Shubham\VS-Code\WebDriver IO\Mobile Automation\JS\first-appium-test-using-wdio\app\android\ApiDemos-debug.apk
[debug] [35m[ADB][39m Starting apksigner: 'C:\\Program Files\\Java\\jdk-18.0.2.1\\bin\\java.exe' -Xmx1024M -Xss1m -jar C:\\Users\\shubham.kumar\\AppData\\Local\\Android\\Sdk\\build-tools\\33.0.0\\lib\\apksigner.jar verify --print-certs 'C:\\Shubham\\VS-Code\\WebDriver IO\\Mobile Automation\\JS\\first-appium-test-using-wdio\\app\\android\\ApiDemos-debug.apk'
[debug] [35m[ADB][39m apksigner stdout: Signer #1 certificate DN: C=US, O=Android, CN=Android Debug
[debug] [35m[ADB][39m Signer #1 certificate SHA-256 digest: 65d222b742c05e2bb5b7ba2c5d8da5006fdc97f549f8748f386b58686f9068ca
[debug] [35m[ADB][39m Signer #1 certificate SHA-1 digest: 36f3328b5c0cc5e90620656b2d6a53efeed0912d
[debug] [35m[ADB][39m Signer #1 certificate MD5 digest: f8000c7af83f8f028c1e15f72abeef3e
[debug] [35m[ADB][39m 
[35m[ADB][39m 'C:\Shubham\VS-Code\WebDriver IO\Mobile Automation\JS\first-appium-test-using-wdio\app\android\ApiDemos-debug.apk' is signed with a non-default certificate
[debug] [35m[ADB][39m Getting install status for io.appium.android.apis
[debug] [35m[ADB][39m Running 'C:\Users\shubham.kumar\AppData\Local\Android\Sdk\platform-tools\adb.exe -P 5037 -s emulator-5554 shell dumpsys package io.appium.android.apis'
[debug] [35m[ADB][39m 'io.appium.android.apis' is installed
[debug] [35m[ADB][39m Getting package info for 'io.appium.android.apis'
[debug] [35m[ADB][39m Running 'C:\Users\shubham.kumar\AppData\Local\Android\Sdk\platform-tools\adb.exe -P 5037 -s emulator-5554 shell dumpsys package io.appium.android.apis'
[debug] [35m[ADB][39m The version name of the installed 'io.appium.android.apis' is greater or equal to the application version name ('4.0.0' >= '4.0.0')
[debug] [35m[ADB][39m There is no need to install/upgrade 'C:\Shubham\VS-Code\WebDriver IO\Mobile Automation\JS\first-appium-test-using-wdio\app\android\ApiDemos-debug.apk'
[35m[AndroidDriver][39m Performing fast reset on 'io.appium.android.apis'
[debug] [35m[ADB][39m Getting install status for io.appium.android.apis
[debug] [35m[ADB][39m Running 'C:\Users\shubham.kumar\AppData\Local\Android\Sdk\platform-tools\adb.exe -P 5037 -s emulator-5554 shell dumpsys package io.appium.android.apis'
[debug] [35m[ADB][39m 'io.appium.android.apis' is installed
[debug] [35m[ADB][39m Running 'C:\Users\shubham.kumar\AppData\Local\Android\Sdk\platform-tools\adb.exe -P 5037 -s emulator-5554 shell am force-stop io.appium.android.apis'
[debug] [35m[ADB][39m Running 'C:\Users\shubham.kumar\AppData\Local\Android\Sdk\platform-tools\adb.exe -P 5037 -s emulator-5554 shell pm clear io.appium.android.apis'
[debug] [35m[AndroidDriver][39m Performed fast reset on the installed 'io.appium.android.apis' application (stop and clear)
[debug] [35m[UiAutomator2][39m Performing shallow cleanup of automation leftovers
(node:24280) ExperimentalWarning: The Fetch API is an experimental feature. This feature could change at any time
(Use `node --trace-warnings ...` to show where the warning was created)
[debug] [35m[UiAutomator2][39m No obsolete sessions have been detected (socket hang up)
[debug] [35m[ADB][39m Running 'C:\Users\shubham.kumar\AppData\Local\Android\Sdk\platform-tools\adb.exe -P 5037 -s emulator-5554 shell am force-stop io.appium.uiautomator2.server.test'
[35m[UiAutomator2][39m Starting UIAutomator2 server 4.27.0
[35m[UiAutomator2][39m Using UIAutomator2 server from 'C:\Shubham\VS-Code\WebDriver IO\Mobile Automation\JS\first-appium-test-using-wdio\node_modules\appium\node_modules\appium-uiautomator2-server\apks\appium-uiautomator2-server-v4.27.0.apk' and test from 'C:\Shubham\VS-Code\WebDriver IO\Mobile Automation\JS\first-appium-test-using-wdio\node_modules\appium\node_modules\appium-uiautomator2-server\apks\appium-uiautomator2-server-debug-androidTest.apk'
[35m[UiAutomator2][39m Waiting up to 30000ms for UiAutomator2 to be online...
[debug] [35m[ADB][39m Creating ADB subprocess with args: ["-P",5037,"-s","emulator-5554","shell","am","instrument","-w","-e","disableAnalytics",true,"io.appium.uiautomator2.server.test/androidx.test.runner.AndroidJUnitRunner"]
[debug] [35m[WD Proxy][39m Matched '/status' to command name 'getStatus'
[debug] [35m[WD Proxy][39m Proxying [GET /status] to [GET http://127.0.0.1:8200/wd/hub/status] with no body
[35m[WD Proxy][39m socket hang up
[debug] [35m[Instrumentation][39m io.appium.uiautomator2.server.test.AppiumUiAutomator2Server:
[debug] [35m[WD Proxy][39m Matched '/status' to command name 'getStatus'
[debug] [35m[WD Proxy][39m Proxying [GET /status] to [GET http://127.0.0.1:8200/wd/hub/status] with no body
[35m[WD Proxy][39m socket hang up
[debug] [35m[WD Proxy][39m Matched '/status' to command name 'getStatus'
[debug] [35m[WD Proxy][39m Proxying [GET /status] to [GET http://127.0.0.1:8200/wd/hub/status] with no body
[debug] [35m[WD Proxy][39m Got response with status 200: {"sessionId":"None","value":{"message":"UiAutomator2 Server is ready to accept commands","ready":true}}
[debug] [35m[UiAutomator2][39m The initialization of the instrumentation process took 2172ms
[debug] [35m[WD Proxy][39m Matched '/session' to command name 'createSession'
[debug] [35m[WD Proxy][39m Proxying [POST /session] to [POST http://127.0.0.1:8200/wd/hub/session] with body: {"capabilities":{"firstMatch":[{"platform":"LINUX","webStorageEnabled":false,"takesScreenshot":true,"javascriptEnabled":true,"databaseEnabled":false,"networkConnectionEnabled":true,"locationContextEnabled":false,"warnings":{},"desired":{"platformName":"Android","platformVersion":"10.0","deviceName":"Device 2","automationName":"UIAutomator2","app":"C:\\Shubham\\VS-Code\\WebDriver IO\\Mobile Automation\\JS\\first-appium-test-using-wdio\\app\\android\\ApiDemos-debug.apk","appPackage":"io.appium.android.apis","appActivity":"io.appium.android.apis.ApiDemos"},"platformName":"Android","platformVersion":"10.0","deviceName":"emulator-5554","automationName":"UIAutomator2","app":"C:\\Shubham\\VS-Code\\WebDriver IO\\Mobile Automation\\JS\\first-appium-test-using-wdio\\app\\android\\ApiDemos-debug.apk","appPackage":"io.appium.android.apis","appActivity":"io.appium.android.apis.ApiDemos","deviceUDID":"emulator-5554"}],"alwaysMatch":{}}}
[debug] [35m[WD Proxy][39m Got response with status 200: {"sessionId":"6c75d1e6-e65f-4fe5-a506-60c4a0ad819a","value":{"capabilities":{"firstMatch":[{"platform":"LINUX","webStorageEnabled":false,"takesScreenshot":true,"javascriptEnabled":true,"databaseEnabled":false,"networkConnectionEnabled":true,"locationContextEnabled":false,"warnings":{},"desired":{"platformName":"Android","platformVersion":"10.0","deviceName":"Device 2","automationName":"UIAutomator2","app":"C:\\Shubham\\VS-Code\\WebDriver IO\\Mobile Automation\\JS\\first-appium-test-using-wdio\\app\\android\\ApiDemos-debug.apk","appPackage":"io.appium.android.apis","appActivity":"io.appium.android.apis.ApiDemos"},"platformName":"Android","platformVersion":"10.0","deviceName":"emulator-5554","automationName":"UIAutomator2","app":"C:\\Shubham\\VS-Code\\WebDriver IO\\Mobile Automation\\JS\\first-appium-test-using-wdio\\app\\android\\ApiDemos-debug.apk","appPackage":"io.appium.android.apis","appActivity":"io.appium.android.apis.ApiDemos","deviceUDID":"emulator-5554"}],"alwaysMatch":{}},"sessionId":"6c75d1e6-e65...
[35m[WD Proxy][39m Determined the downstream protocol as 'W3C'
[debug] [35m[WD Proxy][39m Proxying [GET /appium/device/info] to [GET http://127.0.0.1:8200/wd/hub/session/6c75d1e6-e65f-4fe5-a506-60c4a0ad819a/appium/device/info] with no body
[debug] [35m[WD Proxy][39m Got response with status 200: {"sessionId":"6c75d1e6-e65f-4fe5-a506-60c4a0ad819a","value":{"androidId":"979676492fc1719e","apiVersion":"29","bluetooth":null,"brand":"google","carrierName":"Android","displayDensity":440,"locale":"en_US","manufacturer":"Google","model":"Android SDK built for x86","networks":[{"capabilities":{"SSID":null,"linkDownBandwidthKbps":102400,"linkUpstreamBandwidthKbps":51200,"networkCapabilities":"NET_CAPABILITY_MMS,NET_CAPABILITY_SUPL,NET_CAPABILITY_DUN,NET_CAPABILITY_FOTA,NET_CAPABILITY_IMS,NET_CAPABILITY_CBS,NET_CAPABILITY_INTERNET,NET_CAPABILITY_NOT_RESTRICTED,NET_CAPABILITY_TRUSTED,NET_CAPABILITY_NOT_VPN,NET_CAPABILITY_VALIDATED,NET_CAPABILITY_NOT_ROAMING,NET_CAPABILITY_NOT_CONGESTED,NET_CAPABILITY_NOT_SUSPENDED","signalStrength":-2147483648,"transportTypes":"TRANSPORT_CELLULAR"},"detailedState":"CONNECTED","extraInfo":"epc.tmobile.com","isAvailable":true,"isConnected":true,"isFailover":false,"isRoaming":false,"state":"CONNECTED","subtype":13,"subtypeName":"LTE","type":0,"typeName":"MOBILE"},{"capabilities"...
[debug] [35m[ADB][39m Running 'C:\Users\shubham.kumar\AppData\Local\Android\Sdk\platform-tools\adb.exe -P 5037 -s emulator-5554 shell dumpsys window'
[35m[AndroidDriver][39m Screen already unlocked, doing nothing
[35m[UiAutomator2][39m Starting 'io.appium.android.apis/io.appium.android.apis.ApiDemos and waiting for 'io.appium.android.apis/io.appium.android.apis.ApiDemos'
[debug] [35m[ADB][39m Running 'C:\Users\shubham.kumar\AppData\Local\Android\Sdk\platform-tools\adb.exe -P 5037 -s emulator-5554 shell am start -W -n io.appium.android.apis/io.appium.android.apis.ApiDemos -S -a android.intent.action.MAIN -c android.intent.category.LAUNCHER -f 0x10200000'
[debug] [35m[WD Proxy][39m Proxying [GET /appium/device/pixel_ratio] to [GET http://127.0.0.1:8200/wd/hub/session/6c75d1e6-e65f-4fe5-a506-60c4a0ad819a/appium/device/pixel_ratio] with no body
[debug] [35m[WD Proxy][39m Got response with status 200: {"sessionId":"6c75d1e6-e65f-4fe5-a506-60c4a0ad819a","value":2.75}
[debug] [35m[WD Proxy][39m Matched '/appium/device/system_bars' to command name 'getSystemBars'
[debug] [35m[WD Proxy][39m Proxying [GET /appium/device/system_bars] to [GET http://127.0.0.1:8200/wd/hub/session/6c75d1e6-e65f-4fe5-a506-60c4a0ad819a/appium/device/system_bars] with no body
[debug] [35m[WD Proxy][39m Got response with status 200: {"sessionId":"6c75d1e6-e65f-4fe5-a506-60c4a0ad819a","value":{"statusBar":66}}
[debug] [35m[WD Proxy][39m Matched '/window/current/size' to command name 'getWindowSize'
[debug] [35m[WD Proxy][39m Proxying [GET /window/current/size] to [GET http://127.0.0.1:8200/wd/hub/session/6c75d1e6-e65f-4fe5-a506-60c4a0ad819a/window/current/size] with no body
[debug] [35m[WD Proxy][39m Got response with status 200: {"sessionId":"6c75d1e6-e65f-4fe5-a506-60c4a0ad819a","value":{"height":2148,"width":1080}}
[35m[Appium][39m New AndroidUiautomator2Driver session created successfully, session ec082c94-b8db-45fc-aff5-b94a9b7234db added to master session list
[debug] [35m[BaseDriver][39m Event 'newSessionStarted' logged at 1669721337578 (16:58:57 GMT+0530 (India Standard Time))
[debug] [35m[W3C (ec082c94)][39m Cached the protocol value 'W3C' for the new session ec082c94-b8db-45fc-aff5-b94a9b7234db
[debug] [35m[W3C (ec082c94)][39m Responding to client with driver.createSession() result: {"capabilities":{"platform":"LINUX","webStorageEnabled":false,"takesScreenshot":true,"javascriptEnabled":true,"databaseEnabled":false,"networkConnectionEnabled":true,"locationContextEnabled":false,"warnings":{},"desired":{"platformName":"Android","platformVersion":"10.0","deviceName":"Device 2","automationName":"UIAutomator2","app":"C:\\Shubham\\VS-Code\\WebDriver IO\\Mobile Automation\\JS\\first-appium-test-using-wdio\\app\\android\\ApiDemos-debug.apk","appPackage":"io.appium.android.apis","appActivity":"io.appium.android.apis.ApiDemos"},"platformName":"Android","platformVersion":"10","deviceName":"emulator-5554","automationName":"UIAutomator2","app":"C:\\Shubham\\VS-Code\\WebDriver IO\\Mobile Automation\\JS\\first-appium-test-using-wdio\\app\\android\\ApiDemos-debug.apk","appPackage":"io.appium.android.apis","appActivity":"io.appium.android.apis.ApiDemos","deviceUDID":"emulator-5554","deviceApiLevel":29,"deviceScreenSize":"1080x2280","deviceScreenDensity":440,"deviceModel":"Android SDK built for x86","de...
[35m[HTTP][39m [37m<-- POST /session [39m[32m200[39m [90m7960 ms - 1209[39m
[35m[HTTP][39m [90m[39m
[35m[HTTP][39m [37m-->[39m [37mDELETE[39m [37m/session/ec082c94-b8db-45fc-aff5-b94a9b7234db[39m
[35m[HTTP][39m [90m{}[39m
[debug] [35m[W3C (ec082c94)][39m Calling AppiumDriver.deleteSession() with args: ["ec082c94-b8db-45fc-aff5-b94a9b7234db"]
[debug] [35m[BaseDriver][39m Event 'quitSessionRequested' logged at 1669721337649 (16:58:57 GMT+0530 (India Standard Time))
[35m[Appium][39m Removing session ec082c94-b8db-45fc-aff5-b94a9b7234db from our master session list
[debug] [35m[UiAutomator2][39m Deleting UiAutomator2 session
[debug] [35m[UiAutomator2][39m Deleting UiAutomator2 server session
[debug] [35m[WD Proxy][39m Matched '/' to command name 'deleteSession'
[debug] [35m[WD Proxy][39m Proxying [DELETE /] to [DELETE http://127.0.0.1:8200/wd/hub/session/6c75d1e6-e65f-4fe5-a506-60c4a0ad819a] with no body
[debug] [35m[WD Proxy][39m Got response with status 200: {"sessionId":"6c75d1e6-e65f-4fe5-a506-60c4a0ad819a","value":null}
[debug] [35m[ADB][39m Running 'C:\Users\shubham.kumar\AppData\Local\Android\Sdk\platform-tools\adb.exe -P 5037 -s emulator-5554 shell am force-stop io.appium.android.apis'
[debug] [35m[Logcat][39m Stopping logcat capture
[debug] [35m[ADB][39m Removing forwarded port socket connection: 8200 
[debug] [35m[ADB][39m Running 'C:\Users\shubham.kumar\AppData\Local\Android\Sdk\platform-tools\adb.exe -P 5037 -s emulator-5554 forward --remove tcp:8200'
[35m[UiAutomator2][39m Restoring hidden api policy to the device default configuration
[debug] [35m[ADB][39m Running 'C:\Users\shubham.kumar\AppData\Local\Android\Sdk\platform-tools\adb.exe -P 5037 -s emulator-5554 shell 'settings delete global hidden_api_policy_pre_p_apps;settings delete global hidden_api_policy_p_apps;settings delete global hidden_api_policy''
[debug] [35m[Instrumentation][39m .
[debug] [35m[Instrumentation][39m Time: 3.098
[debug] [35m[Instrumentation][39m 
[debug] [35m[Instrumentation][39m OK (1 test)
[debug] [35m[BaseDriver][39m Event 'quitSessionFinished' logged at 1669721338035 (16:58:58 GMT+0530 (India Standard Time))
[debug] [35m[W3C (ec082c94)][39m Received response: null
[debug] [35m[W3C (ec082c94)][39m But deleting session, so not returning
[debug] [35m[W3C (ec082c94)][39m Responding to client with driver.deleteSession() result: null
[35m[HTTP][39m [37m<-- DELETE /session/ec082c94-b8db-45fc-aff5-b94a9b7234db [39m[32m200[39m [90m394 ms - 14[39m
[35m[HTTP][39m [90m[39m
[debug] [35m[Instrumentation][39m The process has exited with code 0
